Сборка начата 06.06.2015 10:49:17.
     1>Проект "C:\Users\Ania\Desktop\Calculator\Cash machine\Calculator.vcxproj" в узле 2 (целевые объекты build).
     1>InitializeBuildStatus:
         Создание "Debug\Calculator.unsuccessfulbuild", так как было задано "AlwaysCreate".
       ClCompile:
         C:\Program Files\Microsoft Visual Studio 10.0\VC\bin\CL.exe /c /ZI /nologo /W3 /WX- /Od /Oy- /D WIN32 /D _DEBUG /D _CONSOLE /D _UNICODE /D UNICODE /Gm /EHsc /RTC1 /MDd /GS /fp:precise /Zc:wchar_t /Zc:forScope /Fo"Debug\\" /Fd"Debug\vc100.pdb" /Gd /TP /analyze- /errorReport:prompt bankFunctions.cpp main.cpp
         main.cpp
     1>c:\users\ania\desktop\calculator\cash machine\main.cpp(14): warning C4244: аргумент: преобразование "time_t" в "unsigned int", возможна потеря данных
         bankFunctions.cpp
         Создание кода...
       Link:
         C:\Program Files\Microsoft Visual Studio 10.0\VC\bin\link.exe /ERRORREPORT:PROMPT /OUT:"C:\Users\Ania\Desktop\Calculator\Cash machine\Debug\Calculator.exe" /INCREMENTAL:NO /NOLOGO kernel32.lib user32.lib gdi32.lib winspool.lib comdlg32.lib advapi32.lib shell32.lib ole32.lib oleaut32.lib uuid.lib odbc32.lib odbccp32.lib /MANIFEST /ManifestFile:"Debug\Calculator.exe.intermediate.manifest" /MANIFESTUAC:"level='asInvoker' uiAccess='false'" /DEBUG /PDB:"C:\Users\Ania\Desktop\Calculator\Cash machine\Debug\Calculator.pdb" /SUBSYSTEM:CONSOLE /TLBID:1 /DYNAMICBASE /NXCOMPAT /IMPLIB:"C:\Users\Ania\Desktop\Calculator\Cash machine\Debug\Calculator.lib" /MACHINE:X86 Debug\bankFunctions.obj
         Debug\main.obj
     1>bankFunctions.obj : warning LNK4075: не учитывается "/EDITANDCONTINUE" из-за спецификации "/INCREMENTAL:NO"
         Calculator.vcxproj -> C:\Users\Ania\Desktop\Calculator\Cash machine\Debug\Calculator.exe
       Manifest:
         C:\Program Files\Microsoft SDKs\Windows\v7.0A\bin\mt.exe /nologo /verbose /outputresource:"C:\Users\Ania\Desktop\Calculator\Cash machine\Debug\Calculator.exe;#1" /manifest Debug\Calculator.exe.intermediate.manifest
       FinalizeBuildStatus:
         Файл "Debug\Calculator.unsuccessfulbuild" удаляется.
         Обращение к "Debug\Calculator.lastbuildstate".
     1>Построение проекта "C:\Users\Ania\Desktop\Calculator\Cash machine\Calculator.vcxproj" завершено (целевые объекты build).

Построение успешно завершено.

Затраченное время: 00:00:22.30
