Сборка начата 10.04.2015 12:24:16.
     1>Проект "C:\Users\Ania\Desktop\Calculator\Cash machine\Cash machine.vcxproj" в узле 2 (целевые объекты build).
     1>InitializeBuildStatus:
         Создание "Debug\Cash machine.unsuccessfulbuild", так как было задано "AlwaysCreate".
       ClCompile:
         C:\Program Files\Microsoft Visual Studio 10.0\VC\bin\CL.exe /c /ZI /nologo /W3 /WX- /Od /Oy- /D WIN32 /D _DEBUG /D _CONSOLE /D _UNICODE /D UNICODE /Gm /EHsc /RTC1 /MDd /GS /fp:precise /Zc:wchar_t /Zc:forScope /Fo"Debug\\" /Fd"Debug\vc100.pdb" /Gd /TP /analyze- /errorReport:prompt bankFunctions.cpp main.cpp userFunctions.cpp
         userFunctions.cpp
         main.cpp
         bankFunctions.cpp
         Создание кода...
       Link:
         C:\Program Files\Microsoft Visual Studio 10.0\VC\bin\link.exe /ERRORREPORT:PROMPT /OUT:"C:\Users\Ania\Desktop\Calculator\Debug\Cash machine.exe" /INCREMENTAL:NO /NOLOGO kernel32.lib user32.lib gdi32.lib winspool.lib comdlg32.lib advapi32.lib shell32.lib ole32.lib oleaut32.lib uuid.lib odbc32.lib odbccp32.lib /MANIFEST /ManifestFile:"Debug\Cash machine.exe.intermediate.manifest" /MANIFESTUAC:"level='asInvoker' uiAccess='false'" /DEBUG /PDB:"C:\Users\Ania\Desktop\Calculator\Debug\Cash machine.pdb" /SUBSYSTEM:CONSOLE /TLBID:1 /DYNAMICBASE /NXCOMPAT /IMPLIB:"C:\Users\Ania\Desktop\Calculator\Debug\Cash machine.lib" /MACHINE:X86 Debug\bankFunctions.obj
         Debug\main.obj
         Debug\userFunctions.obj
     1>bankFunctions.obj : warning LNK4075: не учитывается "/EDITANDCONTINUE" из-за спецификации "/INCREMENTAL:NO"
         Cash machine.vcxproj -> C:\Users\Ania\Desktop\Calculator\Debug\Cash machine.exe
       Manifest:
         C:\Program Files\Microsoft SDKs\Windows\v7.0A\bin\mt.exe /nologo /verbose /outputresource:"C:\Users\Ania\Desktop\Calculator\Debug\Cash machine.exe;#1" /manifest "Debug\Cash machine.exe.intermediate.manifest"
       FinalizeBuildStatus:
         Файл "Debug\Cash machine.unsuccessfulbuild" удаляется.
         Обращение к "Debug\Cash machine.lastbuildstate".
     1>Построение проекта "C:\Users\Ania\Desktop\Calculator\Cash machine\Cash machine.vcxproj" завершено (целевые объекты build).

Построение успешно завершено.

Затраченное время: 00:00:03.85
